Unity Editor version:    6000.1.4f1 (03270eb687c6)
Branch:                  6000.1/staging
Build type:              Release
Batch mode:              YES
macOS version:           Version 15.6.1 (Build 24G90)
Darwin version:          24.6.0
Architecture:            arm64
Running under Rosetta:   NO
Available memory:        49152 MB
Date:                    2025-08-27T01:23:46Z
Using pre-set license
Pro License: YES

COMMAND LINE ARGUMENTS:
/Applications/Unity/Hub/Editor/6000.1.4f1/Unity.app/Contents/MacOS/Unity
-adb2
-batchMode
-noUpm
-name
AssetImportWorker1
-projectPath
/Users/noxzeng/My project (1)
-logFile
Logs/AssetImportWorker1.log
-srvPort
56767
-job-worker-count
7
-background-job-worker-count
8
-gc-helper-count
1
-name AssetImport
Successfully changed project path to: /Users/noxzeng/My project (1)
/Users/noxzeng/My project (1)
[UnityMemory] Configuration Parameters - Can be set up in boot.config
    "memorysetup-allocator-temp-initial-block-size-main=262144"
    "memorysetup-allocator-temp-initial-block-size-worker=262144"
    "memorysetup-bucket-allocator-granularity=16"
    "memorysetup-bucket-allocator-bucket-count=8"
    "memorysetup-bucket-allocator-block-size=33554432"
    "memorysetup-bucket-allocator-block-count=8"
    "memorysetup-main-allocator-block-size=16777216"
    "memorysetup-thread-allocator-block-size=16777216"
    "memorysetup-gfx-main-allocator-block-size=16777216"
    "memorysetup-gfx-thread-allocator-block-size=16777216"
    "memorysetup-cache-allocator-block-size=4194304"
    "memorysetup-typetree-allocator-block-size=2097152"
    "memorysetup-profiler-bucket-allocator-granularity=16"
    "memorysetup-profiler-bucket-allocator-bucket-count=8"
    "memorysetup-profiler-bucket-allocator-block-size=33554432"
    "memorysetup-profiler-bucket-allocator-block-count=8"
    "memorysetup-profiler-allocator-block-size=16777216"
    "memorysetup-profiler-editor-allocator-block-size=1048576"
    "memorysetup-temp-allocator-size-main=16777216"
    "memorysetup-job-temp-allocator-block-size=2097152"
    "memorysetup-job-temp-allocator-block-size-background=1048576"
    "memorysetup-job-temp-allocator-reduction-small-platforms=262144"
    "memorysetup-temp-allocator-size-background-worker=32768"
    "memorysetup-temp-allocator-size-job-worker=262144"
    "memorysetup-temp-allocator-size-preload-manager=33554432"
    "memorysetup-temp-allocator-size-nav-mesh-worker=65536"
    "memorysetup-temp-allocator-size-audio-worker=65536"
    "memorysetup-temp-allocator-size-cloud-worker=32768"
    "memorysetup-temp-allocator-size-gi-baking-worker=262144"
    "memorysetup-temp-allocator-size-gi-baking-worker=262144"
    "memorysetup-temp-allocator-size-gi-baking-worker=262144"
    "memorysetup-temp-allocator-size-gi-baking-worker=262144"
    "memorysetup-temp-allocator-size-gi-baking-worker=262144"
    "memorysetup-temp-allocator-size-gfx=262144"
Player connection [8680743104]  Target information:

Player connection [8680743104]  * "[IP] 10.0.0.157 [Port] 0 [Flags] 2 [Guid] 3958698056 [EditorId] 3958698056 [Version] 1048832 [Id] OSXEditor(0,Yijins-MacBook-Pro.local) [Debug] 1 [PackageName] OSXEditor [ProjectName] Editor" 

Player connection [8680743104] Host joined multi-casting on [225.0.0.222:54997]...
Player connection [8680743104] Host joined alternative multi-casting on [225.0.0.222:34997]...
JobSystem: Creating JobQueue using job-worker-count value 7
Input System module state changed to: Initialized.
[Physics::Module] Initialized fallback backend.
[Physics::Module] Id: 0xdecafbad
Library Redirect Path: Library/
[Physics::Module] Selected backend.
[Physics::Module] Name: PhysX
[Physics::Module] Id: 0xf2b8ea05
[Physics::Module] SDK Version: 4.1.2
[Physics::Module] Integration Version: 1.0.0
[Physics::Module] Threading Mode: Multi-Threaded
Refreshing native plugins compatible for Editor in 0.65 ms, found 2 plugins.
Preloading 0 native plugins for Editor in 0.00 ms.
Initialize engine version: 6000.1.4f1 (03270eb687c6)
[Subsystems] Discovering subsystems at path /Applications/Unity/Hub/Editor/6000.1.4f1/Unity.app/Contents/Resources/UnitySubsystems
[Subsystems] Discovering subsystems at path /Users/noxzeng/My project (1)/Assets
GfxDevice: creating device client; kGfxThreadingModeNonThreaded
 preferred device: Apple M3 Max (high power)
Metal devices available: 1
0: Apple M3 Max (high power)
Using device Apple M3 Max (high power)
Initializing Metal device caps: Apple M3 Max
Initialize mono
Mono path[0] = '/Applications/Unity/Hub/Editor/6000.1.4f1/Unity.app/Contents/Managed'
Mono path[1] = '/Applications/Unity/Hub/Editor/6000.1.4f1/Unity.app/Contents/MonoBleedingEdge/lib/mono/unityjit-macos'
Mono config path = '/Applications/Unity/Hub/Editor/6000.1.4f1/Unity.app/Contents/MonoBleedingEdge/etc'
Using monoOptions --debugger-agent=transport=dt_socket,embedding=1,server=y,suspend=n,address=127.0.0.1:56029
Begin MonoManager ReloadAssembly
Registering precompiled unity dll's ...
Register platform support module: /Applications/Unity/Hub/Editor/6000.1.4f1/PlaybackEngines/WebGLSupport/UnityEditor.WebGL.Extensions.dll
Register platform support module: /Applications/Unity/Hub/Editor/6000.1.4f1/Unity.app/Contents/PlaybackEngines/MacStandaloneSupport/UnityEditor.OSXStandalone.Extensions.dll
Registered in 0.000366 seconds.
- Loaded All Assemblies, in  0.204 seconds
Native extension for OSXStandalone target not found
Native extension for WebGL target not found
Mono: successfully reloaded assembly
- Finished resetting the current domain, in  0.222 seconds
Domain Reload Profiling: 427ms
	BeginReloadAssembly (45ms)
		ExecutionOrderSort (0ms)
		DisableScriptedObjects (0ms)
		BackupInstance (0ms)
		ReleaseScriptingObjects (0ms)
		CreateAndSetChildDomain (0ms)
	RebuildCommonClasses (23ms)
	RebuildNativeTypeToScriptingClass (8ms)
	initialDomainReloadingComplete (27ms)
	LoadAllAssembliesAndSetupDomain (102ms)
		LoadAssemblies (45ms)
		RebuildTransferFunctionScriptingTraits (0ms)
		AnalyzeDomain (99ms)
			TypeCache.Refresh (99ms)
				TypeCache.ScanAssembly (91ms)
			BuildScriptInfoCaches (0ms)
			ResolveRequiredComponents (0ms)
	FinalizeReload (223ms)
		ReleaseScriptCaches (0ms)
		RebuildScriptCaches (0ms)
		SetupLoadedEditorAssemblies (194ms)
			LogAssemblyErrors (0ms)
			InitializePlatformSupportModulesInManaged (29ms)
			SetLoadedEditorAssemblies (2ms)
			BeforeProcessingInitializeOnLoad (44ms)
			ProcessInitializeOnLoadAttributes (83ms)
			ProcessInitializeOnLoadMethodAttributes (36ms)
			AfterProcessingInitializeOnLoad (0ms)
			EditorAssembliesLoaded (0ms)
		ExecutionOrderSort2 (0ms)
		AwakeInstancesAfterBackupRestoration (0ms)
========================================================================
Worker process is ready to serve import requests
Import Worker Mode flag is 0x00
Begin MonoManager ReloadAssembly
- Loaded All Assemblies, in  0.375 seconds
Refreshing native plugins compatible for Editor in 0.26 ms, found 2 plugins.
Native extension for OSXStandalone target not found
Native extension for WebGL target not found
Mono: successfully reloaded assembly
- Finished resetting the current domain, in  0.507 seconds
Domain Reload Profiling: 878ms
	BeginReloadAssembly (77ms)
		ExecutionOrderSort (0ms)
		DisableScriptedObjects (3ms)
		BackupInstance (0ms)
		ReleaseScriptingObjects (0ms)
		CreateAndSetChildDomain (21ms)
	RebuildCommonClasses (25ms)
	RebuildNativeTypeToScriptingClass (9ms)
	initialDomainReloadingComplete (20ms)
	LoadAllAssembliesAndSetupDomain (240ms)
		LoadAssemblies (131ms)
		RebuildTransferFunctionScriptingTraits (0ms)
		AnalyzeDomain (139ms)
			TypeCache.Refresh (111ms)
				TypeCache.ScanAssembly (103ms)
			BuildScriptInfoCaches (21ms)
			ResolveRequiredComponents (6ms)
	FinalizeReload (507ms)
		ReleaseScriptCaches (0ms)
		RebuildScriptCaches (0ms)
		SetupLoadedEditorAssemblies (406ms)
			LogAssemblyErrors (0ms)
			InitializePlatformSupportModulesInManaged (2ms)
			SetLoadedEditorAssemblies (3ms)
			BeforeProcessingInitializeOnLoad (77ms)
			ProcessInitializeOnLoadAttributes (296ms)
			ProcessInitializeOnLoadMethodAttributes (29ms)
			AfterProcessingInitializeOnLoad (1ms)
			EditorAssembliesLoaded (0ms)
		ExecutionOrderSort2 (0ms)
		AwakeInstancesAfterBackupRestoration (2ms)
WARNING: Shader Unsupported: 'Universal Render Pipeline/VR/SpatialMapping/Wireframe' - All subshaders removed
WARNING: Shader Did you use #pragma only_renderers and omit this platform?
WARNING: Shader If subshaders removal was intentional, you may have forgotten turning Fallback off?
WARNING: Shader Unsupported: 'Universal Render Pipeline/VR/SpatialMapping/Wireframe' - All subshaders removed
WARNING: Shader Did you use #pragma only_renderers and omit this platform?
WARNING: Shader If subshaders removal was intentional, you may have forgotten turning Fallback off?
Launching external process: /Applications/Unity/Hub/Editor/6000.1.4f1/Unity.app/Contents/Tools/UnityShaderCompiler
Launched and connected shader compiler UnityShaderCompiler after 0.03 seconds
Refreshing native plugins compatible for Editor in 0.26 ms, found 2 plugins.
Preloading 0 native plugins for Editor in 0.00 ms.
Unloading 203 Unused Serialized files (Serialized files now loaded: 0)
Unloading 6087 unused Assets / (5.9 MB). Loaded Objects now: 6743.
Memory consumption went from 173.1 MB to 167.1 MB.
Total: 5.594542 ms (FindLiveObjects: 0.298375 ms CreateObjectMapping: 0.160083 ms MarkObjects: 3.611208 ms  DeleteObjects: 1.524709 ms)

========================================================================
Received Import Request.
  Time since last request: 121578.076709 seconds.
  path: Packages/com.unity.render-pipelines.universal/Editor/SceneTemplates/Standard/Materials/White.mat
  artifactKey: Guid(f96821bbefeea864b9b418af4b8615ac) Importer(815301076,1909f56bfc062723c751e8b465ee728b)
Start importing Packages/com.unity.render-pipelines.universal/Editor/SceneTemplates/Standard/Materials/White.mat using Guid(f96821bbefeea864b9b418af4b8615ac) Importer(815301076,1909f56bfc062723c751e8b465ee728b) (PreviewImporter) -> (artifact id: 'ee5b3b45f6ecb5402998309827579cdd') in 0.249013292 seconds
Number of updated asset objects reloaded before import = 0Number of asset objects unloaded after import = 2

========================================================================
Received Import Request.
  Time since last request: 0.000046 seconds.
  path: Packages/com.unity.render-pipelines.universal/Shaders/Nature/SpeedTree9_URP.shadergraph
  artifactKey: Guid(cbd3e1cc4ae141c42a30e33b4d666a61) Importer(815301076,1909f56bfc062723c751e8b465ee728b)
Start importing Packages/com.unity.render-pipelines.universal/Shaders/Nature/SpeedTree9_URP.shadergraph using Guid(cbd3e1cc4ae141c42a30e33b4d666a61) Importer(815301076,1909f56bfc062723c751e8b465ee728b) (PreviewImporter) -> (artifact id: 'fa722d2be34671ec7be9d1fc5cd2a53c') in 2.991132042 seconds
Number of updated asset objects reloaded before import = 0Number of asset objects unloaded after import = 0

========================================================================
Received Import Request.
  Time since last request: 638.765097 seconds.
  path: Assets/New Material.mat
  artifactKey: Guid(51e768da03a63485f83a2955b7aea7ad) Importer(815301076,1909f56bfc062723c751e8b465ee728b)
Start importing Assets/New Material.mat using Guid(51e768da03a63485f83a2955b7aea7ad) Importer(815301076,1909f56bfc062723c751e8b465ee728b) (PreviewImporter) -> (artifact id: '3451d425240395d613abb2fe9471d6a0') in 0.016837583 seconds
Number of updated asset objects reloaded before import = 0Number of asset objects unloaded after import = 1

========================================================================
Received Import Request.
  Time since last request: 979.501863 seconds.
  path: Assets/New Material.mat
  artifactKey: Guid(ec19d868986bb4f299034baf1a6d7df6) Importer(815301076,1909f56bfc062723c751e8b465ee728b)
Start importing Assets/New Material.mat using Guid(ec19d868986bb4f299034baf1a6d7df6) Importer(815301076,1909f56bfc062723c751e8b465ee728b) (PreviewImporter) -> (artifact id: 'ccfad4a4f684ae235659c7ca4b398272') in 0.0184335 seconds
Number of updated asset objects reloaded before import = 0Number of asset objects unloaded after import = 1

========================================================================
Received Import Request.
  Time since last request: 2764.200388 seconds.
  path: Assets/New Material 1.mat
  artifactKey: Guid(821b2ec5a05e149e187d90a66ae22e40) Importer(815301076,1909f56bfc062723c751e8b465ee728b)
Start importing Assets/New Material 1.mat using Guid(821b2ec5a05e149e187d90a66ae22e40) Importer(815301076,1909f56bfc062723c751e8b465ee728b) (PreviewImporter) -> (artifact id: '8d8e4b49ae26108c3331dbfe33d21e24') in 0.017499583 seconds
Number of updated asset objects reloaded before import = 0Number of asset objects unloaded after import = 1

========================================================================
Received Import Request.
  Time since last request: 3527.715011 seconds.
  path: Assets/New Material 1.mat
  artifactKey: Guid(821b2ec5a05e149e187d90a66ae22e40) Importer(815301076,1909f56bfc062723c751e8b465ee728b)
Start importing Assets/New Material 1.mat using Guid(821b2ec5a05e149e187d90a66ae22e40) Importer(815301076,1909f56bfc062723c751e8b465ee728b) (PreviewImporter) -> (artifact id: 'ad80eb026d2d4cd1876e2865033d6c92') in 2.224799583 seconds
Number of updated asset objects reloaded before import = 0Number of asset objects unloaded after import = 2

========================================================================
Received Import Request.
  Time since last request: 122.536599 seconds.
  path: Assets/guancolor.mat
  artifactKey: Guid(bb09c8d3ca3f04c0791548dd6d028191) Importer(815301076,1909f56bfc062723c751e8b465ee728b)
Start importing Assets/guancolor.mat using Guid(bb09c8d3ca3f04c0791548dd6d028191) Importer(815301076,1909f56bfc062723c751e8b465ee728b) (PreviewImporter) -> (artifact id: '1acc95b4b1ae1a0e2d415b703f5e9a92') in 0.0186685 seconds
Number of updated asset objects reloaded before import = 0Number of asset objects unloaded after import = 1

========================================================================
Received Import Request.
  Time since last request: 1461.518061 seconds.
  path: Assets/guancolor.mat
  artifactKey: Guid(bb09c8d3ca3f04c0791548dd6d028191) Importer(815301076,1909f56bfc062723c751e8b465ee728b)
Start importing Assets/guancolor.mat using Guid(bb09c8d3ca3f04c0791548dd6d028191) Importer(815301076,1909f56bfc062723c751e8b465ee728b) (PreviewImporter) -> (artifact id: 'a41bbf6eec25d3cbbf143509b757800d') in 0.01871625 seconds
Number of updated asset objects reloaded before import = 0Number of asset objects unloaded after import = 1

========================================================================
Received Import Request.
  Time since last request: 0.000046 seconds.
  path: Assets/liusu.prefab
  artifactKey: Guid(95647eadcc6b64400a71318e495b2565) Importer(815301076,1909f56bfc062723c751e8b465ee728b)
Start importing Assets/liusu.prefab using Guid(95647eadcc6b64400a71318e495b2565) Importer(815301076,1909f56bfc062723c751e8b465ee728b) (PreviewImporter) -> (artifact id: '28440af72cbed9996a8c6d61a40d1b7c') in 0.024098042 seconds
Number of updated asset objects reloaded before import = 0Number of asset objects unloaded after import = 19

========================================================================
Received Import Request.
  Time since last request: 3009.525405 seconds.
  path: Assets/GameObject.prefab
  artifactKey: Guid(97007cfc69d2f43d48579d78fe422b0a) Importer(815301076,1909f56bfc062723c751e8b465ee728b)
Start importing Assets/GameObject.prefab using Guid(97007cfc69d2f43d48579d78fe422b0a) Importer(815301076,1909f56bfc062723c751e8b465ee728b) (PreviewImporter) -> (artifact id: '278e83088d339f51eaf2325dc9e87662') in 0.022071583 seconds
Number of updated asset objects reloaded before import = 0Number of asset objects unloaded after import = 116

========================================================================
Received Import Request.
  Time since last request: 500.746055 seconds.
  path: Assets/tail.prefab
  artifactKey: Guid(9c20e00b8fc624a50a4a92323ffa1dea) Importer(815301076,1909f56bfc062723c751e8b465ee728b)
Start importing Assets/tail.prefab using Guid(9c20e00b8fc624a50a4a92323ffa1dea) Importer(815301076,1909f56bfc062723c751e8b465ee728b) (PreviewImporter) -> (artifact id: '43b797f63d9121c4114eda8ef08d3d82') in 0.017027458 seconds
Number of updated asset objects reloaded before import = 0Number of asset objects unloaded after import = 18

========================================================================
Received Import Request.
  Time since last request: 0.611923 seconds.
  path: Assets/tail.prefab
  artifactKey: Guid(9c20e00b8fc624a50a4a92323ffa1dea) Importer(815301076,1909f56bfc062723c751e8b465ee728b)
Start importing Assets/tail.prefab using Guid(9c20e00b8fc624a50a4a92323ffa1dea) Importer(815301076,1909f56bfc062723c751e8b465ee728b) (PreviewImporter) -> (artifact id: 'bc2943db48a5b96121924f37207b8c7f') in 0.007468792 seconds
Number of updated asset objects reloaded before import = 0Number of asset objects unloaded after import = 18

========================================================================
Received Import Request.
  Time since last request: 17.180850 seconds.
  path: Assets/tail.prefab
  artifactKey: Guid(9c20e00b8fc624a50a4a92323ffa1dea) Importer(815301076,1909f56bfc062723c751e8b465ee728b)
Start importing Assets/tail.prefab using Guid(9c20e00b8fc624a50a4a92323ffa1dea) Importer(815301076,1909f56bfc062723c751e8b465ee728b) (PreviewImporter) -> (artifact id: 'd5272ed1e78110d7cd2c82cd6db31443') in 0.0168635 seconds
Number of updated asset objects reloaded before import = 0Number of asset objects unloaded after import = 18

========================================================================
Received Import Request.
  Time since last request: 3.616570 seconds.
  path: Assets/tail.prefab
  artifactKey: Guid(9c20e00b8fc624a50a4a92323ffa1dea) Importer(815301076,1909f56bfc062723c751e8b465ee728b)
Start importing Assets/tail.prefab using Guid(9c20e00b8fc624a50a4a92323ffa1dea) Importer(815301076,1909f56bfc062723c751e8b465ee728b) (PreviewImporter) -> (artifact id: '035c0696770907b814c5cea2dd39695c') in 0.0183 seconds
Number of updated asset objects reloaded before import = 0Number of asset objects unloaded after import = 23

========================================================================
Received Import Request.
  Time since last request: 5.635387 seconds.
  path: Assets/tail.prefab
  artifactKey: Guid(9c20e00b8fc624a50a4a92323ffa1dea) Importer(815301076,1909f56bfc062723c751e8b465ee728b)
Start importing Assets/tail.prefab using Guid(9c20e00b8fc624a50a4a92323ffa1dea) Importer(815301076,1909f56bfc062723c751e8b465ee728b) (PreviewImporter) -> (artifact id: 'c1a14a2e81710c2274cf16bb9c8af653') in 0.01626825 seconds
Number of updated asset objects reloaded before import = 0Number of asset objects unloaded after import = 23

========================================================================
Received Import Request.
  Time since last request: 9.084810 seconds.
  path: Assets/tail.prefab
  artifactKey: Guid(9c20e00b8fc624a50a4a92323ffa1dea) Importer(815301076,1909f56bfc062723c751e8b465ee728b)
Start importing Assets/tail.prefab using Guid(9c20e00b8fc624a50a4a92323ffa1dea) Importer(815301076,1909f56bfc062723c751e8b465ee728b) (PreviewImporter) -> (artifact id: 'f88964027c233099ab21dbe066d3dac5') in 0.017270417 seconds
Number of updated asset objects reloaded before import = 0Number of asset objects unloaded after import = 23

========================================================================
Received Import Request.
  Time since last request: 9.267737 seconds.
  path: Assets/tail.prefab
  artifactKey: Guid(9c20e00b8fc624a50a4a92323ffa1dea) Importer(815301076,1909f56bfc062723c751e8b465ee728b)
Start importing Assets/tail.prefab using Guid(9c20e00b8fc624a50a4a92323ffa1dea) Importer(815301076,1909f56bfc062723c751e8b465ee728b) (PreviewImporter) -> (artifact id: 'bfb2f7493100d3f1c06d4ce325b7a08c') in 0.016169333 seconds
Number of updated asset objects reloaded before import = 0Number of asset objects unloaded after import = 23

========================================================================
Received Import Request.
  Time since last request: 14.546244 seconds.
  path: Assets/tail.prefab
  artifactKey: Guid(9c20e00b8fc624a50a4a92323ffa1dea) Importer(815301076,1909f56bfc062723c751e8b465ee728b)
Start importing Assets/tail.prefab using Guid(9c20e00b8fc624a50a4a92323ffa1dea) Importer(815301076,1909f56bfc062723c751e8b465ee728b) (PreviewImporter) -> (artifact id: 'c793412dfdc3f8a270c21f8247e1ee54') in 0.022799958 seconds
Number of updated asset objects reloaded before import = 0Number of asset objects unloaded after import = 23

========================================================================
Received Import Request.
  Time since last request: 1.980220 seconds.
  path: Assets/tail.prefab
  artifactKey: Guid(9c20e00b8fc624a50a4a92323ffa1dea) Importer(815301076,1909f56bfc062723c751e8b465ee728b)
Start importing Assets/tail.prefab using Guid(9c20e00b8fc624a50a4a92323ffa1dea) Importer(815301076,1909f56bfc062723c751e8b465ee728b) (PreviewImporter) -> (artifact id: '9a013c5182287df4b3dc38aba8e183e9') in 0.018636625 seconds
Number of updated asset objects reloaded before import = 0Number of asset objects unloaded after import = 23

========================================================================
Received Import Request.
  Time since last request: 1.182400 seconds.
  path: Assets/tail.prefab
  artifactKey: Guid(9c20e00b8fc624a50a4a92323ffa1dea) Importer(815301076,1909f56bfc062723c751e8b465ee728b)
Start importing Assets/tail.prefab using Guid(9c20e00b8fc624a50a4a92323ffa1dea) Importer(815301076,1909f56bfc062723c751e8b465ee728b) (PreviewImporter) -> (artifact id: '94c18e83d0141fa6a6209d1ced4b0be0') in 0.016515625 seconds
Number of updated asset objects reloaded before import = 0Number of asset objects unloaded after import = 23

========================================================================
Received Import Request.
  Time since last request: 2.406381 seconds.
  path: Assets/tail.prefab
  artifactKey: Guid(9c20e00b8fc624a50a4a92323ffa1dea) Importer(815301076,1909f56bfc062723c751e8b465ee728b)
Start importing Assets/tail.prefab using Guid(9c20e00b8fc624a50a4a92323ffa1dea) Importer(815301076,1909f56bfc062723c751e8b465ee728b) (PreviewImporter) -> (artifact id: '5812ea6425a9efb23470b99d531af73e') in 0.016928083 seconds
Number of updated asset objects reloaded before import = 0Number of asset objects unloaded after import = 23

========================================================================
Received Import Request.
  Time since last request: 2.392448 seconds.
  path: Assets/tail.prefab
  artifactKey: Guid(9c20e00b8fc624a50a4a92323ffa1dea) Importer(815301076,1909f56bfc062723c751e8b465ee728b)
Start importing Assets/tail.prefab using Guid(9c20e00b8fc624a50a4a92323ffa1dea) Importer(815301076,1909f56bfc062723c751e8b465ee728b) (PreviewImporter) -> (artifact id: '4c789764a9e4de07f77791548e81260c') in 0.018304834 seconds
Number of updated asset objects reloaded before import = 0Number of asset objects unloaded after import = 23

========================================================================
Received Import Request.
  Time since last request: 7.865423 seconds.
  path: Assets/tail.prefab
  artifactKey: Guid(9c20e00b8fc624a50a4a92323ffa1dea) Importer(815301076,1909f56bfc062723c751e8b465ee728b)
Start importing Assets/tail.prefab using Guid(9c20e00b8fc624a50a4a92323ffa1dea) Importer(815301076,1909f56bfc062723c751e8b465ee728b) (PreviewImporter) -> (artifact id: '69c2ba5d048c654425078f89a43b0813') in 0.016902667 seconds
Number of updated asset objects reloaded before import = 0Number of asset objects unloaded after import = 23

========================================================================
Received Import Request.
  Time since last request: 8.871187 seconds.
  path: Assets/tail.prefab
  artifactKey: Guid(9c20e00b8fc624a50a4a92323ffa1dea) Importer(815301076,1909f56bfc062723c751e8b465ee728b)
Start importing Assets/tail.prefab using Guid(9c20e00b8fc624a50a4a92323ffa1dea) Importer(815301076,1909f56bfc062723c751e8b465ee728b) (PreviewImporter) -> (artifact id: 'db5d8208196eb9224a886eb146738732') in 0.017068583 seconds
Number of updated asset objects reloaded before import = 0Number of asset objects unloaded after import = 23

========================================================================
Received Import Request.
  Time since last request: 18.603067 seconds.
  path: Assets/tail.prefab
  artifactKey: Guid(9c20e00b8fc624a50a4a92323ffa1dea) Importer(815301076,1909f56bfc062723c751e8b465ee728b)
Start importing Assets/tail.prefab using Guid(9c20e00b8fc624a50a4a92323ffa1dea) Importer(815301076,1909f56bfc062723c751e8b465ee728b) (PreviewImporter) -> (artifact id: 'f44341be72183a2be53077f7eb6497df') in 0.016706792 seconds
Number of updated asset objects reloaded before import = 0Number of asset objects unloaded after import = 23

========================================================================
Received Import Request.
  Time since last request: 4.624223 seconds.
  path: Assets/tail.prefab
  artifactKey: Guid(9c20e00b8fc624a50a4a92323ffa1dea) Importer(815301076,1909f56bfc062723c751e8b465ee728b)
Start importing Assets/tail.prefab using Guid(9c20e00b8fc624a50a4a92323ffa1dea) Importer(815301076,1909f56bfc062723c751e8b465ee728b) (PreviewImporter) -> (artifact id: '5c77e49197f3ff86284a24e8426fff12') in 0.017454333 seconds
Number of updated asset objects reloaded before import = 0Number of asset objects unloaded after import = 23

========================================================================
Received Import Request.
  Time since last request: 6.630858 seconds.
  path: Assets/tail.prefab
  artifactKey: Guid(9c20e00b8fc624a50a4a92323ffa1dea) Importer(815301076,1909f56bfc062723c751e8b465ee728b)
Start importing Assets/tail.prefab using Guid(9c20e00b8fc624a50a4a92323ffa1dea) Importer(815301076,1909f56bfc062723c751e8b465ee728b) (PreviewImporter) -> (artifact id: 'fd21c84bfc3419b06baf4f1e13cbccff') in 0.018260208 seconds
Number of updated asset objects reloaded before import = 0Number of asset objects unloaded after import = 23

========================================================================
Received Import Request.
  Time since last request: 54.206466 seconds.
  path: Assets/tail.prefab
  artifactKey: Guid(9c20e00b8fc624a50a4a92323ffa1dea) Importer(815301076,1909f56bfc062723c751e8b465ee728b)
Start importing Assets/tail.prefab using Guid(9c20e00b8fc624a50a4a92323ffa1dea) Importer(815301076,1909f56bfc062723c751e8b465ee728b) (PreviewImporter) -> (artifact id: 'b1ddae54ce96fd4f53c904697db38331') in 0.017735208 seconds
Number of updated asset objects reloaded before import = 0Number of asset objects unloaded after import = 23

========================================================================
Received Import Request.
  Time since last request: 6.042889 seconds.
  path: Assets/tail.prefab
  artifactKey: Guid(9c20e00b8fc624a50a4a92323ffa1dea) Importer(815301076,1909f56bfc062723c751e8b465ee728b)
Start importing Assets/tail.prefab using Guid(9c20e00b8fc624a50a4a92323ffa1dea) Importer(815301076,1909f56bfc062723c751e8b465ee728b) (PreviewImporter) -> (artifact id: '933c72eff060c1789c5227856e7e0eaa') in 0.017340083 seconds
Number of updated asset objects reloaded before import = 0Number of asset objects unloaded after import = 23

========================================================================
Received Import Request.
  Time since last request: 23.046910 seconds.
  path: Assets/tail.prefab
  artifactKey: Guid(9c20e00b8fc624a50a4a92323ffa1dea) Importer(815301076,1909f56bfc062723c751e8b465ee728b)
Start importing Assets/tail.prefab using Guid(9c20e00b8fc624a50a4a92323ffa1dea) Importer(815301076,1909f56bfc062723c751e8b465ee728b) (PreviewImporter) -> (artifact id: '6bcc204429fc0ffcab54eb5be52e1a3a') in 0.018605792 seconds
Number of updated asset objects reloaded before import = 0Number of asset objects unloaded after import = 23

========================================================================
Received Import Request.
  Time since last request: 1.583895 seconds.
  path: Assets/tail.prefab
  artifactKey: Guid(9c20e00b8fc624a50a4a92323ffa1dea) Importer(815301076,1909f56bfc062723c751e8b465ee728b)
Start importing Assets/tail.prefab using Guid(9c20e00b8fc624a50a4a92323ffa1dea) Importer(815301076,1909f56bfc062723c751e8b465ee728b) (PreviewImporter) -> (artifact id: '38de49347364eaf03777ade5c83f4fb6') in 0.018222292 seconds
Number of updated asset objects reloaded before import = 0Number of asset objects unloaded after import = 23

========================================================================
Received Import Request.
  Time since last request: 3.196430 seconds.
  path: Assets/tail.prefab
  artifactKey: Guid(9c20e00b8fc624a50a4a92323ffa1dea) Importer(815301076,1909f56bfc062723c751e8b465ee728b)
Start importing Assets/tail.prefab using Guid(9c20e00b8fc624a50a4a92323ffa1dea) Importer(815301076,1909f56bfc062723c751e8b465ee728b) (PreviewImporter) -> (artifact id: 'fa4302618f573b6a4f80fdc717ddec50') in 0.017281625 seconds
Number of updated asset objects reloaded before import = 0Number of asset objects unloaded after import = 23

========================================================================
Received Import Request.
  Time since last request: 1.586613 seconds.
  path: Assets/tail.prefab
  artifactKey: Guid(9c20e00b8fc624a50a4a92323ffa1dea) Importer(815301076,1909f56bfc062723c751e8b465ee728b)
Start importing Assets/tail.prefab using Guid(9c20e00b8fc624a50a4a92323ffa1dea) Importer(815301076,1909f56bfc062723c751e8b465ee728b) (PreviewImporter) -> (artifact id: 'f62a90b1e640dff7f4ee5bc692f53b62') in 0.018724042 seconds
Number of updated asset objects reloaded before import = 0Number of asset objects unloaded after import = 23

========================================================================
Received Import Request.
  Time since last request: 2.182722 seconds.
  path: Assets/tail.prefab
  artifactKey: Guid(9c20e00b8fc624a50a4a92323ffa1dea) Importer(815301076,1909f56bfc062723c751e8b465ee728b)
Start importing Assets/tail.prefab using Guid(9c20e00b8fc624a50a4a92323ffa1dea) Importer(815301076,1909f56bfc062723c751e8b465ee728b) (PreviewImporter) -> (artifact id: '8f73d025c9bf0087d7d481f3f146a082') in 0.017209083 seconds
Number of updated asset objects reloaded before import = 0Number of asset objects unloaded after import = 23

========================================================================
Received Import Request.
  Time since last request: 13.329934 seconds.
  path: Assets/tail.prefab
  artifactKey: Guid(9c20e00b8fc624a50a4a92323ffa1dea) Importer(815301076,1909f56bfc062723c751e8b465ee728b)
Start importing Assets/tail.prefab using Guid(9c20e00b8fc624a50a4a92323ffa1dea) Importer(815301076,1909f56bfc062723c751e8b465ee728b) (PreviewImporter) -> (artifact id: 'f5b363299aad9fcd658ef707c142cbdf') in 0.017213292 seconds
Number of updated asset objects reloaded before import = 0Number of asset objects unloaded after import = 23

========================================================================
Received Import Request.
  Time since last request: 6.843635 seconds.
  path: Assets/tail.prefab
  artifactKey: Guid(9c20e00b8fc624a50a4a92323ffa1dea) Importer(815301076,1909f56bfc062723c751e8b465ee728b)
Start importing Assets/tail.prefab using Guid(9c20e00b8fc624a50a4a92323ffa1dea) Importer(815301076,1909f56bfc062723c751e8b465ee728b) (PreviewImporter) -> (artifact id: 'c8b2953a696ccbd6998bf4e81eac68ff') in 0.017088917 seconds
Number of updated asset objects reloaded before import = 0Number of asset objects unloaded after import = 23

========================================================================
Received Import Request.
  Time since last request: 19.617346 seconds.
  path: Assets/tail.prefab
  artifactKey: Guid(9c20e00b8fc624a50a4a92323ffa1dea) Importer(815301076,1909f56bfc062723c751e8b465ee728b)
Start importing Assets/tail.prefab using Guid(9c20e00b8fc624a50a4a92323ffa1dea) Importer(815301076,1909f56bfc062723c751e8b465ee728b) (PreviewImporter) -> (artifact id: 'dd7b3f804d4f682483bcb6aa9dc4683d') in 0.018403667 seconds
Number of updated asset objects reloaded before import = 0Number of asset objects unloaded after import = 23

========================================================================
Received Import Request.
  Time since last request: 17.484549 seconds.
  path: Assets/tail.prefab
  artifactKey: Guid(9c20e00b8fc624a50a4a92323ffa1dea) Importer(815301076,1909f56bfc062723c751e8b465ee728b)
Start importing Assets/tail.prefab using Guid(9c20e00b8fc624a50a4a92323ffa1dea) Importer(815301076,1909f56bfc062723c751e8b465ee728b) (PreviewImporter) -> (artifact id: '6d08c559b9a50920a2f713531be44c64') in 0.020375959 seconds
Number of updated asset objects reloaded before import = 0Number of asset objects unloaded after import = 18

========================================================================
Received Import Request.
  Time since last request: 4.384598 seconds.
  path: Assets/tail.prefab
  artifactKey: Guid(9c20e00b8fc624a50a4a92323ffa1dea) Importer(815301076,1909f56bfc062723c751e8b465ee728b)
Start importing Assets/tail.prefab using Guid(9c20e00b8fc624a50a4a92323ffa1dea) Importer(815301076,1909f56bfc062723c751e8b465ee728b) (PreviewImporter) -> (artifact id: '5056c94ab2653d4fdfa44d46cbbd7e64') in 0.01682475 seconds
Number of updated asset objects reloaded before import = 0Number of asset objects unloaded after import = 23

========================================================================
Received Import Request.
  Time since last request: 6.227368 seconds.
  path: Assets/tail.prefab
  artifactKey: Guid(9c20e00b8fc624a50a4a92323ffa1dea) Importer(815301076,1909f56bfc062723c751e8b465ee728b)
Start importing Assets/tail.prefab using Guid(9c20e00b8fc624a50a4a92323ffa1dea) Importer(815301076,1909f56bfc062723c751e8b465ee728b) (PreviewImporter) -> (artifact id: 'b8536c6d6e648e31edcf4366b4427499') in 0.018463541 seconds
Number of updated asset objects reloaded before import = 0Number of asset objects unloaded after import = 23

========================================================================
Received Import Request.
  Time since last request: 2.399225 seconds.
  path: Assets/tail.prefab
  artifactKey: Guid(9c20e00b8fc624a50a4a92323ffa1dea) Importer(815301076,1909f56bfc062723c751e8b465ee728b)
Start importing Assets/tail.prefab using Guid(9c20e00b8fc624a50a4a92323ffa1dea) Importer(815301076,1909f56bfc062723c751e8b465ee728b) (PreviewImporter) -> (artifact id: '65d91a2833756f1b1b7c5dcecc1c9675') in 0.015729916 seconds
Number of updated asset objects reloaded before import = 0Number of asset objects unloaded after import = 23

========================================================================
Received Import Request.
  Time since last request: 5.237316 seconds.
  path: Assets/tail.prefab
  artifactKey: Guid(9c20e00b8fc624a50a4a92323ffa1dea) Importer(815301076,1909f56bfc062723c751e8b465ee728b)
Start importing Assets/tail.prefab using Guid(9c20e00b8fc624a50a4a92323ffa1dea) Importer(815301076,1909f56bfc062723c751e8b465ee728b) (PreviewImporter) -> (artifact id: '440d34d46ba353dc2a4b02f3b427c37a') in 0.016971375 seconds
Number of updated asset objects reloaded before import = 0Number of asset objects unloaded after import = 23

========================================================================
Received Import Request.
  Time since last request: 2.996287 seconds.
  path: Assets/tail.prefab
  artifactKey: Guid(9c20e00b8fc624a50a4a92323ffa1dea) Importer(815301076,1909f56bfc062723c751e8b465ee728b)
Start importing Assets/tail.prefab using Guid(9c20e00b8fc624a50a4a92323ffa1dea) Importer(815301076,1909f56bfc062723c751e8b465ee728b) (PreviewImporter) -> (artifact id: 'c4e923df8c3f6ed6f09d8da55eb72cac') in 0.017256125 seconds
Number of updated asset objects reloaded before import = 0Number of asset objects unloaded after import = 23

========================================================================
Received Import Request.
  Time since last request: 24.053208 seconds.
  path: Assets/tail.prefab
  artifactKey: Guid(9c20e00b8fc624a50a4a92323ffa1dea) Importer(815301076,1909f56bfc062723c751e8b465ee728b)
Start importing Assets/tail.prefab using Guid(9c20e00b8fc624a50a4a92323ffa1dea) Importer(815301076,1909f56bfc062723c751e8b465ee728b) (PreviewImporter) -> (artifact id: '742028acd36cdcc3c0f67a3afb539cda') in 0.016909334 seconds
Number of updated asset objects reloaded before import = 0Number of asset objects unloaded after import = 23

========================================================================
Received Import Request.
  Time since last request: 9.688097 seconds.
  path: Assets/tail.prefab
  artifactKey: Guid(9c20e00b8fc624a50a4a92323ffa1dea) Importer(815301076,1909f56bfc062723c751e8b465ee728b)
Start importing Assets/tail.prefab using Guid(9c20e00b8fc624a50a4a92323ffa1dea) Importer(815301076,1909f56bfc062723c751e8b465ee728b) (PreviewImporter) -> (artifact id: '2da41030080853517808843db32d5c85') in 0.016793833 seconds
Number of updated asset objects reloaded before import = 0Number of asset objects unloaded after import = 23

========================================================================
Received Import Request.
  Time since last request: 142.792263 seconds.
  path: Assets/New Material 2.mat
  artifactKey: Guid(fd9c2d340898b464e816d1c9e76b9475) Importer(815301076,1909f56bfc062723c751e8b465ee728b)
Start importing Assets/New Material 2.mat using Guid(fd9c2d340898b464e816d1c9e76b9475) Importer(815301076,1909f56bfc062723c751e8b465ee728b) (PreviewImporter) -> (artifact id: 'e014c785c14ece331a8b51afffa5e71d') in 0.0187775 seconds
Number of updated asset objects reloaded before import = 0Number of asset objects unloaded after import = 1

